/home/e19094/miniconda3/envs/biomedclip/lib/python3.10/site-packages/transformers/utils/generic.py:441: FutureWarning: `torch.utils._pytree._register_pytree_node` is deprecated. Please use `torch.utils._pytree.register_pytree_node` instead.
  _torch_pytree._register_pytree_node(
/home/e19094/miniconda3/envs/biomedclip/lib/python3.10/site-packages/transformers/utils/generic.py:309: FutureWarning: `torch.utils._pytree._register_pytree_node` is deprecated. Please use `torch.utils._pytree.register_pytree_node` instead.
  _torch_pytree._register_pytree_node(
/home/e19094/miniconda3/envs/biomedclip/lib/python3.10/site-packages/timm/models/layers/__init__.py:48: FutureWarning: Importing from timm.models.layers is deprecated, please import via timm.layers
  warnings.warn(f"Importing from {__name__} is deprecated, please import via timm.layers", FutureWarning)
Setting fixed seed: 1
***************
** Arguments **
***************
backbone: 
config_file: configs/trainers/CoCoOp/vit_b16.yaml
dataset_config_file: configs/datasets/nihchest.yaml
eval_only: False
head: 
load_epoch: None
model_dir: 
no_train: False
opts: ['TRAINER.COCOOP.N_CTX', '4', 'TRAINER.COCOOP.CSC', 'False', 'TRAINER.COCOOP.CLASS_TOKEN_POSITION', 'end', 'DATASET.NUM_SHOTS', '16']
output_dir: output/nihchest/shots_16/CoCoOp_BiomedCLIP/nctx4_cscFalse_ctpend/seed1
resume: 
root: /storage/projects3/e19-fyp-out-of-domain-gen-in-cv/NIH_Chest/
seed: 1
source_domains: None
target_domains: None
trainer: CoCoOp_BiomedCLIP
transforms: None
************
** Config **
************
DATALOADER:
  K_TRANSFORMS: 1
  NUM_WORKERS: 8
  RETURN_IMG0: False
  TEST:
    BATCH_SIZE: 100
    SAMPLER: SequentialSampler
  TRAIN_U:
    BATCH_SIZE: 32
    N_DOMAIN: 0
    N_INS: 16
    SAME_AS_X: True
    SAMPLER: RandomSampler
  TRAIN_X:
    BATCH_SIZE: 8
    N_DOMAIN: 0
    N_INS: 16
    SAMPLER: RandomSampler
DATASET:
  ALL_AS_UNLABELED: False
  CIFAR_C_LEVEL: 1
  CIFAR_C_TYPE: 
  NAME: NIHChestXray
  NUM_LABELED: -1
  NUM_SHOTS: 16
  ROOT: /storage/projects3/e19-fyp-out-of-domain-gen-in-cv/NIH_Chest/
  SOURCE_DOMAINS: ()
  STL10_FOLD: -1
  SUBSAMPLE_CLASSES: all
  TARGET_DOMAINS: ()
  VAL_PERCENT: 0.1
INPUT:
  COLORJITTER_B: 0.4
  COLORJITTER_C: 0.4
  COLORJITTER_H: 0.1
  COLORJITTER_S: 0.4
  CROP_PADDING: 4
  CUTOUT_LEN: 16
  CUTOUT_N: 1
  GB_K: 21
  GB_P: 0.5
  GN_MEAN: 0.0
  GN_STD: 0.15
  INTERPOLATION: bicubic
  NO_TRANSFORM: False
  PIXEL_MEAN: [0.48145466, 0.4578275, 0.40821073]
  PIXEL_STD: [0.26862954, 0.26130258, 0.27577711]
  RANDAUGMENT_M: 10
  RANDAUGMENT_N: 2
  RGS_P: 0.2
  SIZE: (224, 224)
  TRANSFORMS: ('random_resized_crop', 'normalize')
MODEL:
  BACKBONE:
    NAME: ViT-B/16
    PRETRAINED: True
  HEAD:
    ACTIVATION: relu
    BN: True
    DROPOUT: 0.0
    HIDDEN_LAYERS: ()
    NAME: 
  INIT_WEIGHTS: 
OPTIM:
  ADAM_BETA1: 0.9
  ADAM_BETA2: 0.999
  BASE_LR_MULT: 0.1
  GAMMA: 0.1
  LR: 0.001
  LR_SCHEDULER: cosine
  MAX_EPOCH: 100
  MOMENTUM: 0.9
  NAME: sgd
  NEW_LAYERS: ()
  RMSPROP_ALPHA: 0.99
  SGD_DAMPNING: 0
  SGD_NESTEROV: False
  STAGED_LR: False
  STEPSIZE: (-1,)
  WARMUP_CONS_LR: 1e-05
  WARMUP_EPOCH: 1
  WARMUP_MIN_LR: 1e-05
  WARMUP_RECOUNT: True
  WARMUP_TYPE: constant
  WEIGHT_DECAY: 0.0005
OUTPUT_DIR: output/nihchest/shots_16/CoCoOp_BiomedCLIP/nctx4_cscFalse_ctpend/seed1
RESUME: 
SEED: 1
TEST:
  COMPUTE_CMAT: False
  EVALUATOR: Classification
  FINAL_MODEL: last_step
  NO_TEST: False
  PER_CLASS_RESULT: False
  SPLIT: test
TRAIN:
  CHECKPOINT_FREQ: 0
  COUNT_ITER: train_x
  PRINT_FREQ: 20
TRAINER:
  BIOMEDCOOP:
    CLASS_TOKEN_POSITION: end
    CSC: False
    CTX_INIT: a photo of a
    KDSP_LAMBDA: 1.0
    N_CTX: 4
    N_PROMPTS: 50
    PREC: fp32
    SCCM_LAMBDA: 1.0
    TAU: 1.5
  CG:
    ALPHA_D: 0.5
    ALPHA_F: 0.5
    EPS_D: 1.0
    EPS_F: 1.0
  COCOOP:
    CLASS_TOKEN_POSITION: end
    CSC: False
    CTX_INIT: a photo of a
    N_CTX: 4
    PREC: fp32
  COOP:
    CLASS_TOKEN_POSITION: end
    CSC: False
    CTX_INIT: 
    N_CTX: 4
    PREC: fp32
  DAEL:
    CONF_THRE: 0.95
    STRONG_TRANSFORMS: ()
    WEIGHT_U: 0.5
  DDAIG:
    ALPHA: 0.5
    CLAMP: False
    CLAMP_MAX: 1.0
    CLAMP_MIN: -1.0
    G_ARCH: 
    LMDA: 0.3
    WARMUP: 0
  ENTMIN:
    LMDA: 0.001
  FIXMATCH:
    CONF_THRE: 0.95
    STRONG_TRANSFORMS: ()
    WEIGHT_U: 1.0
  KGCOOP:
    CLASS_TOKEN_POSITION: end
    CSC: False
    CTX_INIT: a photo of a
    N_CTX: 4
    PREC: fp32
    W: 1.0
  M3SDA:
    LMDA: 0.5
    N_STEP_F: 4
  MCD:
    N_STEP_F: 4
  MEANTEA:
    EMA_ALPHA: 0.999
    RAMPUP: 5
    WEIGHT_U: 1.0
  MIXMATCH:
    MIXUP_BETA: 0.75
    RAMPUP: 20000
    TEMP: 2.0
    WEIGHT_U: 100.0
  MME:
    LMDA: 0.1
  NAME: CoCoOp_BiomedCLIP
  PROGRAD:
    ALPHA: 0.0
    CLASS_TOKEN_POSITION: end
    CSC: False
    CTX_INIT: a photo of a
    GM: False
    LAMBDA: 1.0
    NAME: 
    N_CTX: 4
    PREC: fp32
    T: 1.0
  SE:
    CONF_THRE: 0.95
    EMA_ALPHA: 0.999
    RAMPUP: 300
USE_CUDA: True
VERBOSE: True
VERSION: 1
Collecting env info ...
** System info **
PyTorch version: 2.7.0+cu126
Is debug build: False
CUDA used to build PyTorch: 12.6
ROCM used to build PyTorch: N/A

OS: Ubuntu 22.04.5 LTS (x86_64)
GCC version: (Ubuntu 11.4.0-1ubuntu1~22.04.2) 11.4.0
Clang version: 14.0.0-1ubuntu1.1
CMake version: version 3.24.2
Libc version: glibc-2.35

Python version: 3.10.16 (main, Dec 11 2024, 16:24:50) [GCC 11.2.0] (64-bit runtime)
Python platform: Linux-6.8.0-79-generic-x86_64-with-glibc2.35
Is CUDA available: True
CUDA runtime version: Could not collect
CUDA_MODULE_LOADING set to: LAZY
GPU models and configuration: GPU 0: NVIDIA GeForce RTX 3090 Ti
Nvidia driver version: 535.230.02
cuDNN version: Could not collect
HIP runtime version: N/A
MIOpen runtime version: N/A
Is XNNPACK available: True

CPU:
Architecture:                         x86_64
CPU op-mode(s):                       32-bit, 64-bit
Address sizes:                        46 bits physical, 48 bits virtual
Byte Order:                           Little Endian
CPU(s):                               32
On-line CPU(s) list:                  0-31
Vendor ID:                            GenuineIntel
Model name:                           13th Gen Intel(R) Core(TM) i9-13900K
CPU family:                           6
Model:                                183
Thread(s) per core:                   2
Core(s) per socket:                   24
Socket(s):                            1
Stepping:                             1
CPU max MHz:                          5800.0000
CPU min MHz:                          800.0000
BogoMIPS:                             5990.40
Flags:                                fpu vme de pse tsc msr pae mce cx8 apic sep mtrr pge mca cmov pat pse36 clflush dts acpi mmx fxsr sse sse2 ss ht tm pbe syscall nx pdpe1gb rdtscp lm constant_tsc art arch_perfmon pebs bts rep_good nopl xtopology nonstop_tsc cpuid aperfmperf tsc_known_freq pni pclmulqdq dtes64 monitor ds_cpl vmx smx est tm2 ssse3 sdbg fma cx16 xtpr pdcm sse4_1 sse4_2 x2apic movbe popcnt tsc_deadline_timer aes xsave avx f16c rdrand lahf_lm abm 3dnowprefetch cpuid_fault epb cat_l2 cdp_l2 ssbd ibrs ibpb stibp ibrs_enhanced tpr_shadow flexpriority ept vpid ept_ad fsgsbase tsc_adjust bmi1 avx2 smep bmi2 erms invpcid rdt_a rdseed adx smap clflushopt clwb intel_pt sha_ni xsaveopt xsavec xgetbv1 xsaves split_lock_detect user_shstk avx_vnni dtherm ida arat pln pts hwp hwp_notify hwp_act_window hwp_epp hwp_pkg_req hfi vnmi umip pku ospke waitpkg gfni vaes vpclmulqdq tme rdpid movdiri movdir64b fsrm md_clear serialize pconfig arch_lbr ibt flush_l1d arch_capabilities
Virtualization:                       VT-x
L1d cache:                            896 KiB (24 instances)
L1i cache:                            1.3 MiB (24 instances)
L2 cache:                             32 MiB (12 instances)
L3 cache:                             36 MiB (1 instance)
NUMA node(s):                         1
NUMA node0 CPU(s):                    0-31
Vulnerability Gather data sampling:   Not affected
Vulnerability Itlb multihit:          Not affected
Vulnerability L1tf:                   Not affected
Vulnerability Mds:                    Not affected
Vulnerability Meltdown:               Not affected
Vulnerability Mmio stale data:        Not affected
Vulnerability Reg file data sampling: Mitigation; Clear Register File
Vulnerability Retbleed:               Not affected
Vulnerability Spec rstack overflow:   Not affected
Vulnerability Spec store bypass:      Mitigation; Speculative Store Bypass disabled via prctl
Vulnerability Spectre v1:             Mitigation; usercopy/swapgs barriers and __user pointer sanitization
Vulnerability Spectre v2:             Mitigation; Enhanced / Automatic IBRS; IBPB conditional; RSB filling; PBRSB-eIBRS SW sequence; BHI BHI_DIS_S
Vulnerability Srbds:                  Not affected
Vulnerability Tsx async abort:        Not affected

Versions of relevant libraries:
[pip3] numpy==2.2.5
[pip3] nvidia-cublas-cu12==12.6.4.1
[pip3] nvidia-cuda-cupti-cu12==12.6.80
[pip3] nvidia-cuda-nvrtc-cu12==12.6.77
[pip3] nvidia-cuda-runtime-cu12==12.6.77
[pip3] nvidia-cudnn-cu12==9.5.1.17
[pip3] nvidia-cufft-cu12==11.3.0.4
[pip3] nvidia-curand-cu12==10.3.7.77
[pip3] nvidia-cusolver-cu12==11.7.1.2
[pip3] nvidia-cusparse-cu12==12.5.4.2
[pip3] nvidia-cusparselt-cu12==0.6.3
[pip3] nvidia-nccl-cu12==2.26.2
[pip3] nvidia-nvjitlink-cu12==12.6.85
[pip3] nvidia-nvtx-cu12==12.6.77
[pip3] open-clip-torch==2.23.0
[pip3] torch==2.7.0
[pip3] torchvision==0.22.0
[pip3] triton==3.3.0
[conda] numpy                     2.2.5                    pypi_0    pypi
[conda] nvidia-cublas-cu12        12.6.4.1                 pypi_0    pypi
[conda] nvidia-cuda-cupti-cu12    12.6.80                  pypi_0    pypi
[conda] nvidia-cuda-nvrtc-cu12    12.6.77                  pypi_0    pypi
[conda] nvidia-cuda-runtime-cu12  12.6.77                  pypi_0    pypi
[conda] nvidia-cudnn-cu12         9.5.1.17                 pypi_0    pypi
[conda] nvidia-cufft-cu12         11.3.0.4                 pypi_0    pypi
[conda] nvidia-curand-cu12        10.3.7.77                pypi_0    pypi
[conda] nvidia-cusolver-cu12      11.7.1.2                 pypi_0    pypi
[conda] nvidia-cusparse-cu12      12.5.4.2                 pypi_0    pypi
[conda] nvidia-cusparselt-cu12    0.6.3                    pypi_0    pypi
[conda] nvidia-nccl-cu12          2.26.2                   pypi_0    pypi
[conda] nvidia-nvjitlink-cu12     12.6.85                  pypi_0    pypi
[conda] nvidia-nvtx-cu12          12.6.77                  pypi_0    pypi
[conda] open-clip-torch           2.23.0                   pypi_0    pypi
[conda] torch                     2.7.0                    pypi_0    pypi
[conda] torchvision               0.22.0                   pypi_0    pypi
[conda] triton                    3.3.0                    pypi_0    pypi
        Pillow (11.2.1)

Loading trainer: CoCoOp_BiomedCLIP
Loading dataset: NIHChestXray
Building transform_train
+ random resized crop (size=(224, 224))
+ to torch tensor of range [0, 1]
+ normalization (mean=[0.48145466, 0.4578275, 0.40821073], std=[0.26862954, 0.26130258, 0.27577711])
Building transform_test
+ resize the smaller edge to 224
+ 224x224 center crop
+ to torch tensor of range [0, 1]
+ normalization (mean=[0.48145466, 0.4578275, 0.40821073], std=[0.26862954, 0.26130258, 0.27577711])
***** Dataset statistics *****
  Dataset: NIHChestXray
  # classes: 2
  # train_x: 32
  # val: 32
  # test: 25,596
Loading BiomedCLIP (backbone: ViT-B/16)
Building custom CLIP
Initial context: "a photo of a"
Number of context words (tokens): 4
Turning off gradients in both the image and the text encoder
Parameters to be updated: {'prompt_learner.meta_net.linear1.weight', 'prompt_learner.meta_net.linear1.bias', 'prompt_learner.ctx', 'prompt_learner.meta_net.linear2.bias', 'prompt_learner.meta_net.linear2.weight'}
Loading evaluator: Classification
Trainer built successfully.
No checkpoint found, train from scratch
Initializing summary writer for tensorboard with log_dir=output/nihchest/shots_16/CoCoOp_BiomedCLIP/nctx4_cscFalse_ctpend/seed1/tensorboard
epoch [1/100][1/4]	time 0.896 (0.896)	data 0.301 (0.301)	eta 0:05:57	loss 1.8031 (1.8031)	lr 1.000000e-05
epoch [1/100][2/4]	time 0.145 (0.520)	data 0.002 (0.151)	eta 0:03:27	loss 1.4340 (1.6186)	lr 1.000000e-05
epoch [1/100][3/4]	time 0.145 (0.395)	data 0.002 (0.101)	eta 0:02:36	loss 1.3355 (1.5242)	lr 1.000000e-05
epoch [1/100][4/4]	time 0.144 (0.332)	data 0.000 (0.076)	eta 0:02:11	loss 0.7788 (1.3379)	lr 1.000000e-03
epoch [2/100][1/4]	time 0.411 (0.411)	data 0.267 (0.267)	eta 0:02:42	loss 1.3142 (1.3142)	lr 1.000000e-03
epoch [2/100][2/4]	time 0.144 (0.277)	data 0.000 (0.134)	eta 0:01:49	loss 0.5594 (0.9368)	lr 1.000000e-03
epoch [2/100][3/4]	time 0.143 (0.233)	data 0.000 (0.089)	eta 0:01:31	loss 1.0977 (0.9904)	lr 1.000000e-03
epoch [2/100][4/4]	time 0.144 (0.211)	data 0.000 (0.067)	eta 0:01:22	loss 1.2192 (1.0476)	lr 9.997533e-04
epoch [3/100][1/4]	time 0.558 (0.558)	data 0.375 (0.375)	eta 0:03:38	loss 1.7087 (1.7087)	lr 9.997533e-04
epoch [3/100][2/4]	time 0.198 (0.378)	data 0.000 (0.188)	eta 0:02:27	loss 0.7513 (1.2300)	lr 9.997533e-04
epoch [3/100][3/4]	time 0.144 (0.300)	data 0.000 (0.125)	eta 0:01:56	loss 0.8193 (1.0931)	lr 9.997533e-04
epoch [3/100][4/4]	time 0.143 (0.261)	data 0.000 (0.094)	eta 0:01:41	loss 0.6458 (0.9813)	lr 9.990134e-04
epoch [4/100][1/4]	time 0.492 (0.492)	data 0.347 (0.347)	eta 0:03:10	loss 0.5591 (0.5591)	lr 9.990134e-04
epoch [4/100][2/4]	time 0.144 (0.318)	data 0.000 (0.174)	eta 0:02:02	loss 1.1405 (0.8498)	lr 9.990134e-04
epoch [4/100][3/4]	time 0.144 (0.260)	data 0.000 (0.116)	eta 0:01:40	loss 1.6407 (1.1134)	lr 9.990134e-04
epoch [4/100][4/4]	time 0.144 (0.231)	data 0.000 (0.087)	eta 0:01:28	loss 1.0808 (1.1053)	lr 9.977810e-04
epoch [5/100][1/4]	time 0.489 (0.489)	data 0.345 (0.345)	eta 0:03:07	loss 1.1528 (1.1528)	lr 9.977810e-04
epoch [5/100][2/4]	time 0.144 (0.317)	data 0.001 (0.173)	eta 0:02:00	loss 0.7885 (0.9707)	lr 9.977810e-04
epoch [5/100][3/4]	time 0.145 (0.259)	data 0.002 (0.116)	eta 0:01:38	loss 0.5439 (0.8284)	lr 9.977810e-04
epoch [5/100][4/4]	time 0.146 (0.231)	data 0.002 (0.087)	eta 0:01:27	loss 1.0104 (0.8739)	lr 9.960574e-04
epoch [6/100][1/4]	time 0.431 (0.431)	data 0.286 (0.286)	eta 0:02:43	loss 0.8493 (0.8493)	lr 9.960574e-04
epoch [6/100][2/4]	time 0.145 (0.288)	data 0.002 (0.144)	eta 0:01:48	loss 0.5452 (0.6972)	lr 9.960574e-04
epoch [6/100][3/4]	time 0.144 (0.240)	data 0.000 (0.096)	eta 0:01:30	loss 1.0988 (0.8311)	lr 9.960574e-04
epoch [6/100][4/4]	time 0.146 (0.216)	data 0.002 (0.073)	eta 0:01:21	loss 0.8625 (0.8389)	lr 9.938442e-04
epoch [7/100][1/4]	time 0.490 (0.490)	data 0.343 (0.343)	eta 0:03:03	loss 0.6570 (0.6570)	lr 9.938442e-04
epoch [7/100][2/4]	time 0.145 (0.318)	data 0.000 (0.172)	eta 0:01:58	loss 0.9559 (0.8064)	lr 9.938442e-04
epoch [7/100][3/4]	time 0.144 (0.260)	data 0.000 (0.115)	eta 0:01:36	loss 0.6146 (0.7425)	lr 9.938442e-04
epoch [7/100][4/4]	time 0.145 (0.231)	data 0.002 (0.086)	eta 0:01:25	loss 1.0257 (0.8133)	lr 9.911436e-04
epoch [8/100][1/4]	time 0.493 (0.493)	data 0.349 (0.349)	eta 0:03:02	loss 1.2373 (1.2373)	lr 9.911436e-04
epoch [8/100][2/4]	time 0.144 (0.319)	data 0.000 (0.175)	eta 0:01:57	loss 0.7160 (0.9767)	lr 9.911436e-04
epoch [8/100][3/4]	time 0.144 (0.260)	data 0.000 (0.117)	eta 0:01:36	loss 1.0476 (1.0003)	lr 9.911436e-04
epoch [8/100][4/4]	time 0.144 (0.231)	data 0.000 (0.088)	eta 0:01:25	loss 0.7742 (0.9438)	lr 9.879584e-04
epoch [9/100][1/4]	time 0.435 (0.435)	data 0.290 (0.290)	eta 0:02:39	loss 0.7254 (0.7254)	lr 9.879584e-04
epoch [9/100][2/4]	time 0.145 (0.290)	data 0.000 (0.145)	eta 0:01:46	loss 0.7864 (0.7559)	lr 9.879584e-04
epoch [9/100][3/4]	time 0.145 (0.241)	data 0.002 (0.098)	eta 0:01:28	loss 0.8324 (0.7814)	lr 9.879584e-04
epoch [9/100][4/4]	time 0.201 (0.231)	data 0.000 (0.073)	eta 0:01:24	loss 0.8064 (0.7877)	lr 9.842916e-04
epoch [10/100][1/4]	time 0.416 (0.416)	data 0.272 (0.272)	eta 0:02:31	loss 0.9018 (0.9018)	lr 9.842916e-04
epoch [10/100][2/4]	time 0.144 (0.280)	data 0.000 (0.136)	eta 0:01:41	loss 0.9092 (0.9055)	lr 9.842916e-04
epoch [10/100][3/4]	time 0.145 (0.235)	data 0.000 (0.091)	eta 0:01:24	loss 0.7112 (0.8407)	lr 9.842916e-04
epoch [10/100][4/4]	time 0.144 (0.212)	data 0.000 (0.068)	eta 0:01:16	loss 0.7278 (0.8125)	lr 9.801468e-04
epoch [11/100][1/4]	time 0.479 (0.479)	data 0.334 (0.334)	eta 0:02:51	loss 0.8743 (0.8743)	lr 9.801468e-04
epoch [11/100][2/4]	time 0.144 (0.311)	data 0.000 (0.167)	eta 0:01:51	loss 0.7881 (0.8312)	lr 9.801468e-04
epoch [11/100][3/4]	time 0.144 (0.256)	data 0.000 (0.112)	eta 0:01:31	loss 0.8357 (0.8327)	lr 9.801468e-04
epoch [11/100][4/4]	time 0.144 (0.228)	data 0.000 (0.084)	eta 0:01:21	loss 0.6965 (0.7987)	lr 9.755283e-04
epoch [12/100][1/4]	time 0.450 (0.450)	data 0.305 (0.305)	eta 0:02:39	loss 0.8440 (0.8440)	lr 9.755283e-04
epoch [12/100][2/4]	time 0.146 (0.298)	data 0.002 (0.154)	eta 0:01:45	loss 0.5991 (0.7215)	lr 9.755283e-04
epoch [12/100][3/4]	time 0.144 (0.247)	data 0.000 (0.103)	eta 0:01:27	loss 0.7063 (0.7165)	lr 9.755283e-04
epoch [12/100][4/4]	time 0.144 (0.221)	data 0.000 (0.077)	eta 0:01:17	loss 0.6097 (0.6898)	lr 9.704404e-04
epoch [13/100][1/4]	time 0.482 (0.482)	data 0.337 (0.337)	eta 0:02:49	loss 0.6921 (0.6921)	lr 9.704404e-04
epoch [13/100][2/4]	time 0.145 (0.314)	data 0.002 (0.169)	eta 0:01:49	loss 0.8278 (0.7600)	lr 9.704404e-04
epoch [13/100][3/4]	time 0.144 (0.257)	data 0.000 (0.113)	eta 0:01:29	loss 0.7667 (0.7622)	lr 9.704404e-04
epoch [13/100][4/4]	time 0.144 (0.229)	data 0.000 (0.085)	eta 0:01:19	loss 0.6203 (0.7267)	lr 9.648882e-04
epoch [14/100][1/4]	time 0.472 (0.472)	data 0.327 (0.327)	eta 0:02:43	loss 0.7634 (0.7634)	lr 9.648882e-04
epoch [14/100][2/4]	time 0.147 (0.309)	data 0.003 (0.165)	eta 0:01:47	loss 0.6311 (0.6972)	lr 9.648882e-04
epoch [14/100][3/4]	time 0.145 (0.255)	data 0.002 (0.111)	eta 0:01:27	loss 0.7375 (0.7107)	lr 9.648882e-04
epoch [14/100][4/4]	time 0.145 (0.227)	data 0.001 (0.083)	eta 0:01:18	loss 0.5577 (0.6724)	lr 9.588773e-04
epoch [15/100][1/4]	time 0.410 (0.410)	data 0.265 (0.265)	eta 0:02:20	loss 0.5857 (0.5857)	lr 9.588773e-04
epoch [15/100][2/4]	time 0.145 (0.278)	data 0.002 (0.133)	eta 0:01:35	loss 0.6245 (0.6051)	lr 9.588773e-04
epoch [15/100][3/4]	time 0.144 (0.233)	data 0.000 (0.089)	eta 0:01:19	loss 0.6529 (0.6210)	lr 9.588773e-04
epoch [15/100][4/4]	time 0.144 (0.211)	data 0.000 (0.067)	eta 0:01:11	loss 0.8878 (0.6877)	lr 9.524135e-04
epoch [16/100][1/4]	time 0.492 (0.492)	data 0.348 (0.348)	eta 0:02:46	loss 0.6906 (0.6906)	lr 9.524135e-04
epoch [16/100][2/4]	time 0.144 (0.318)	data 0.000 (0.174)	eta 0:01:47	loss 0.8518 (0.7712)	lr 9.524135e-04
epoch [16/100][3/4]	time 0.145 (0.261)	data 0.002 (0.117)	eta 0:01:27	loss 0.7236 (0.7553)	lr 9.524135e-04
epoch [16/100][4/4]	time 0.145 (0.232)	data 0.000 (0.088)	eta 0:01:17	loss 0.6473 (0.7283)	lr 9.455033e-04
epoch [17/100][1/4]	time 0.494 (0.494)	data 0.349 (0.349)	eta 0:02:45	loss 0.7065 (0.7065)	lr 9.455033e-04
epoch [17/100][2/4]	time 0.145 (0.319)	data 0.001 (0.175)	eta 0:01:46	loss 0.8257 (0.7661)	lr 9.455033e-04
epoch [17/100][3/4]	time 0.145 (0.261)	data 0.002 (0.117)	eta 0:01:26	loss 0.7130 (0.7484)	lr 9.455033e-04
epoch [17/100][4/4]	time 0.144 (0.232)	data 0.000 (0.088)	eta 0:01:16	loss 0.7117 (0.7392)	lr 9.381533e-04
epoch [18/100][1/4]	time 0.485 (0.485)	data 0.340 (0.340)	eta 0:02:40	loss 0.6012 (0.6012)	lr 9.381533e-04
epoch [18/100][2/4]	time 0.146 (0.316)	data 0.003 (0.172)	eta 0:01:44	loss 0.6013 (0.6012)	lr 9.381533e-04
epoch [18/100][3/4]	time 0.144 (0.258)	data 0.000 (0.115)	eta 0:01:24	loss 0.7478 (0.6501)	lr 9.381533e-04
epoch [18/100][4/4]	time 0.144 (0.230)	data 0.000 (0.086)	eta 0:01:15	loss 0.6465 (0.6492)	lr 9.303710e-04
epoch [19/100][1/4]	time 0.471 (0.471)	data 0.326 (0.326)	eta 0:02:33	loss 0.7178 (0.7178)	lr 9.303710e-04
epoch [19/100][2/4]	time 0.145 (0.308)	data 0.002 (0.164)	eta 0:01:40	loss 0.6296 (0.6737)	lr 9.303710e-04
epoch [19/100][3/4]	time 0.144 (0.253)	data 0.001 (0.110)	eta 0:01:22	loss 0.6848 (0.6774)	lr 9.303710e-04
epoch [19/100][4/4]	time 0.144 (0.226)	data 0.000 (0.082)	eta 0:01:13	loss 0.7047 (0.6843)	lr 9.221640e-04
epoch [20/100][1/4]	time 0.534 (0.534)	data 0.389 (0.389)	eta 0:02:52	loss 0.6643 (0.6643)	lr 9.221640e-04
epoch [20/100][2/4]	time 0.144 (0.339)	data 0.001 (0.195)	eta 0:01:49	loss 0.7423 (0.7033)	lr 9.221640e-04
epoch [20/100][3/4]	time 0.144 (0.274)	data 0.000 (0.130)	eta 0:01:27	loss 0.7673 (0.7246)	lr 9.221640e-04
epoch [20/100][4/4]	time 0.144 (0.241)	data 0.000 (0.098)	eta 0:01:17	loss 0.6029 (0.6942)	lr 9.135403e-04
epoch [21/100][1/4]	time 0.444 (0.444)	data 0.298 (0.298)	eta 0:02:21	loss 0.8087 (0.8087)	lr 9.135403e-04
epoch [21/100][2/4]	time 0.145 (0.294)	data 0.002 (0.150)	eta 0:01:33	loss 0.6556 (0.7321)	lr 9.135403e-04
epoch [21/100][3/4]	time 0.144 (0.244)	data 0.000 (0.100)	eta 0:01:17	loss 0.6274 (0.6972)	lr 9.135403e-04
epoch [21/100][4/4]	time 0.154 (0.222)	data 0.000 (0.075)	eta 0:01:10	loss 0.5900 (0.6704)	lr 9.045085e-04
epoch [22/100][1/4]	time 0.425 (0.425)	data 0.280 (0.280)	eta 0:02:13	loss 0.7103 (0.7103)	lr 9.045085e-04
epoch [22/100][2/4]	time 0.145 (0.285)	data 0.002 (0.141)	eta 0:01:29	loss 0.6900 (0.7001)	lr 9.045085e-04
epoch [22/100][3/4]	time 0.144 (0.238)	data 0.000 (0.094)	eta 0:01:14	loss 0.6236 (0.6746)	lr 9.045085e-04
epoch [22/100][4/4]	time 0.145 (0.215)	data 0.000 (0.071)	eta 0:01:06	loss 0.7167 (0.6851)	lr 8.950775e-04
epoch [23/100][1/4]	time 0.420 (0.420)	data 0.275 (0.275)	eta 0:02:10	loss 0.7383 (0.7383)	lr 8.950775e-04
epoch [23/100][2/4]	time 0.146 (0.283)	data 0.002 (0.138)	eta 0:01:27	loss 0.6559 (0.6971)	lr 8.950775e-04
epoch [23/100][3/4]	time 0.146 (0.237)	data 0.002 (0.093)	eta 0:01:13	loss 0.6763 (0.6902)	lr 8.950775e-04
epoch [23/100][4/4]	time 0.144 (0.214)	data 0.000 (0.070)	eta 0:01:05	loss 0.5595 (0.6575)	lr 8.852566e-04
epoch [24/100][1/4]	time 0.495 (0.495)	data 0.350 (0.350)	eta 0:02:32	loss 0.5660 (0.5660)	lr 8.852566e-04
epoch [24/100][2/4]	time 0.146 (0.321)	data 0.003 (0.177)	eta 0:01:38	loss 0.6344 (0.6002)	lr 8.852566e-04
epoch [24/100][3/4]	time 0.144 (0.262)	data 0.000 (0.118)	eta 0:01:19	loss 0.5542 (0.5849)	lr 8.852566e-04
epoch [24/100][4/4]	time 0.144 (0.233)	data 0.000 (0.088)	eta 0:01:10	loss 0.7169 (0.6179)	lr 8.750555e-04
epoch [25/100][1/4]	time 0.457 (0.457)	data 0.311 (0.311)	eta 0:02:18	loss 0.6593 (0.6593)	lr 8.750555e-04
epoch [25/100][2/4]	time 0.145 (0.301)	data 0.002 (0.156)	eta 0:01:30	loss 0.6733 (0.6663)	lr 8.750555e-04
epoch [25/100][3/4]	time 0.146 (0.249)	data 0.002 (0.105)	eta 0:01:15	loss 0.5583 (0.6303)	lr 8.750555e-04
epoch [25/100][4/4]	time 0.145 (0.223)	data 0.000 (0.079)	eta 0:01:06	loss 0.6880 (0.6447)	lr 8.644843e-04
epoch [26/100][1/4]	time 0.414 (0.414)	data 0.269 (0.269)	eta 0:02:03	loss 0.5318 (0.5318)	lr 8.644843e-04
epoch [26/100][2/4]	time 0.181 (0.297)	data 0.000 (0.135)	eta 0:01:28	loss 0.7034 (0.6176)	lr 8.644843e-04
epoch [26/100][3/4]	time 0.196 (0.264)	data 0.000 (0.090)	eta 0:01:18	loss 0.5423 (0.5925)	lr 8.644843e-04
epoch [26/100][4/4]	time 0.145 (0.234)	data 0.002 (0.068)	eta 0:01:09	loss 0.6555 (0.6082)	lr 8.535534e-04
epoch [27/100][1/4]	time 0.508 (0.508)	data 0.362 (0.362)	eta 0:02:29	loss 0.7536 (0.7536)	lr 8.535534e-04
epoch [27/100][2/4]	time 0.145 (0.327)	data 0.002 (0.182)	eta 0:01:36	loss 0.5242 (0.6389)	lr 8.535534e-04
epoch [27/100][3/4]	time 0.146 (0.266)	data 0.002 (0.122)	eta 0:01:18	loss 0.7566 (0.6781)	lr 8.535534e-04
epoch [27/100][4/4]	time 0.145 (0.236)	data 0.000 (0.092)	eta 0:01:08	loss 0.7202 (0.6887)	lr 8.422736e-04
epoch [28/100][1/4]	time 0.405 (0.405)	data 0.257 (0.257)	eta 0:01:57	loss 0.6189 (0.6189)	lr 8.422736e-04
epoch [28/100][2/4]	time 0.145 (0.275)	data 0.000 (0.129)	eta 0:01:19	loss 0.5691 (0.5940)	lr 8.422736e-04
epoch [28/100][3/4]	time 0.145 (0.231)	data 0.000 (0.086)	eta 0:01:06	loss 0.6585 (0.6155)	lr 8.422736e-04
epoch [28/100][4/4]	time 0.144 (0.210)	data 0.000 (0.065)	eta 0:01:00	loss 0.6089 (0.6138)	lr 8.306559e-04
epoch [29/100][1/4]	time 0.449 (0.449)	data 0.250 (0.250)	eta 0:02:08	loss 0.7401 (0.7401)	lr 8.306559e-04
epoch [29/100][2/4]	time 0.181 (0.315)	data 0.002 (0.126)	eta 0:01:30	loss 0.8332 (0.7867)	lr 8.306559e-04
epoch [29/100][3/4]	time 0.146 (0.259)	data 0.002 (0.085)	eta 0:01:13	loss 0.7386 (0.7707)	lr 8.306559e-04
epoch [29/100][4/4]	time 0.144 (0.230)	data 0.000 (0.063)	eta 0:01:05	loss 0.5884 (0.7251)	lr 8.187120e-04
epoch [30/100][1/4]	time 0.486 (0.486)	data 0.341 (0.341)	eta 0:02:17	loss 0.8422 (0.8422)	lr 8.187120e-04
epoch [30/100][2/4]	time 0.146 (0.316)	data 0.002 (0.172)	eta 0:01:29	loss 0.5479 (0.6951)	lr 8.187120e-04
epoch [30/100][3/4]	time 0.145 (0.259)	data 0.000 (0.115)	eta 0:01:12	loss 0.8480 (0.7460)	lr 8.187120e-04
epoch [30/100][4/4]	time 0.146 (0.231)	data 0.002 (0.086)	eta 0:01:04	loss 0.6294 (0.7169)	lr 8.064535e-04
epoch [31/100][1/4]	time 0.453 (0.453)	data 0.308 (0.308)	eta 0:02:06	loss 0.7167 (0.7167)	lr 8.064535e-04
epoch [31/100][2/4]	time 0.147 (0.300)	data 0.003 (0.155)	eta 0:01:23	loss 0.6521 (0.6844)	lr 8.064535e-04
epoch [31/100][3/4]	time 0.145 (0.248)	data 0.000 (0.104)	eta 0:01:08	loss 0.5629 (0.6439)	lr 8.064535e-04
epoch [31/100][4/4]	time 0.145 (0.222)	data 0.000 (0.078)	eta 0:01:01	loss 0.6498 (0.6454)	lr 7.938926e-04
epoch [32/100][1/4]	time 0.481 (0.481)	data 0.336 (0.336)	eta 0:02:12	loss 0.4599 (0.4599)	lr 7.938926e-04
epoch [32/100][2/4]	time 0.144 (0.313)	data 0.001 (0.168)	eta 0:01:25	loss 0.6745 (0.5672)	lr 7.938926e-04
epoch [32/100][3/4]	time 0.145 (0.257)	data 0.000 (0.112)	eta 0:01:10	loss 0.6893 (0.6079)	lr 7.938926e-04
epoch [32/100][4/4]	time 0.145 (0.229)	data 0.000 (0.084)	eta 0:01:02	loss 0.7019 (0.6314)	lr 7.810417e-04
epoch [33/100][1/4]	time 0.435 (0.435)	data 0.291 (0.291)	eta 0:01:58	loss 0.5733 (0.5733)	lr 7.810417e-04
epoch [33/100][2/4]	time 0.145 (0.290)	data 0.000 (0.146)	eta 0:01:18	loss 0.7925 (0.6829)	lr 7.810417e-04
epoch [33/100][3/4]	time 0.146 (0.242)	data 0.000 (0.097)	eta 0:01:05	loss 0.7507 (0.7055)	lr 7.810417e-04
epoch [33/100][4/4]	time 0.144 (0.218)	data 0.000 (0.073)	eta 0:00:58	loss 0.7630 (0.7199)	lr 7.679134e-04
epoch [34/100][1/4]	time 0.429 (0.429)	data 0.285 (0.285)	eta 0:01:54	loss 0.6807 (0.6807)	lr 7.679134e-04
epoch [34/100][2/4]	time 0.209 (0.319)	data 0.001 (0.143)	eta 0:01:24	loss 0.6151 (0.6479)	lr 7.679134e-04
epoch [34/100][3/4]	time 0.170 (0.269)	data 0.000 (0.095)	eta 0:01:11	loss 0.6759 (0.6572)	lr 7.679134e-04
epoch [34/100][4/4]	time 0.145 (0.238)	data 0.000 (0.071)	eta 0:01:02	loss 0.6000 (0.6429)	lr 7.545207e-04
epoch [35/100][1/4]	time 0.475 (0.475)	data 0.330 (0.330)	eta 0:02:04	loss 0.7801 (0.7801)	lr 7.545207e-04
epoch [35/100][2/4]	time 0.145 (0.310)	data 0.001 (0.165)	eta 0:01:21	loss 0.4910 (0.6355)	lr 7.545207e-04
epoch [35/100][3/4]	time 0.144 (0.255)	data 0.000 (0.110)	eta 0:01:06	loss 0.6745 (0.6485)	lr 7.545207e-04
epoch [35/100][4/4]	time 0.145 (0.227)	data 0.000 (0.083)	eta 0:00:59	loss 0.7128 (0.6646)	lr 7.408768e-04
epoch [36/100][1/4]	time 0.474 (0.474)	data 0.327 (0.327)	eta 0:02:02	loss 0.4771 (0.4771)	lr 7.408768e-04
epoch [36/100][2/4]	time 0.149 (0.311)	data 0.004 (0.166)	eta 0:01:20	loss 0.6831 (0.5801)	lr 7.408768e-04
epoch [36/100][3/4]	time 0.145 (0.256)	data 0.000 (0.111)	eta 0:01:05	loss 0.6411 (0.6004)	lr 7.408768e-04
epoch [36/100][4/4]	time 0.145 (0.228)	data 0.000 (0.083)	eta 0:00:58	loss 0.7902 (0.6479)	lr 7.269952e-04
epoch [37/100][1/4]	time 0.428 (0.428)	data 0.282 (0.282)	eta 0:01:49	loss 0.5590 (0.5590)	lr 7.269952e-04
epoch [37/100][2/4]	time 0.146 (0.287)	data 0.002 (0.142)	eta 0:01:12	loss 0.7951 (0.6771)	lr 7.269952e-04
epoch [37/100][3/4]	time 0.146 (0.240)	data 0.002 (0.095)	eta 0:01:00	loss 0.5929 (0.6490)	lr 7.269952e-04
epoch [37/100][4/4]	time 0.145 (0.216)	data 0.000 (0.072)	eta 0:00:54	loss 0.6278 (0.6437)	lr 7.128896e-04
epoch [38/100][1/4]	time 0.447 (0.447)	data 0.303 (0.303)	eta 0:01:52	loss 0.6956 (0.6956)	lr 7.128896e-04
epoch [38/100][2/4]	time 0.146 (0.296)	data 0.001 (0.152)	eta 0:01:14	loss 0.5381 (0.6169)	lr 7.128896e-04
epoch [38/100][3/4]	time 0.145 (0.246)	data 0.000 (0.102)	eta 0:01:01	loss 0.6369 (0.6235)	lr 7.128896e-04
epoch [38/100][4/4]	time 0.144 (0.221)	data 0.000 (0.076)	eta 0:00:54	loss 0.6831 (0.6384)	lr 6.985739e-04
epoch [39/100][1/4]	time 0.448 (0.448)	data 0.303 (0.303)	eta 0:01:50	loss 0.5650 (0.5650)	lr 6.985739e-04
epoch [39/100][2/4]	time 0.147 (0.298)	data 0.002 (0.153)	eta 0:01:13	loss 0.6717 (0.6184)	lr 6.985739e-04
epoch [39/100][3/4]	time 0.145 (0.247)	data 0.000 (0.102)	eta 0:01:00	loss 0.6235 (0.6201)	lr 6.985739e-04
epoch [39/100][4/4]	time 0.145 (0.221)	data 0.000 (0.076)	eta 0:00:53	loss 0.4822 (0.5856)	lr 6.840623e-04
epoch [40/100][1/4]	time 0.455 (0.455)	data 0.310 (0.310)	eta 0:01:50	loss 0.5775 (0.5775)	lr 6.840623e-04
epoch [40/100][2/4]	time 0.144 (0.299)	data 0.000 (0.155)	eta 0:01:12	loss 0.5562 (0.5668)	lr 6.840623e-04
epoch [40/100][3/4]	time 0.144 (0.248)	data 0.000 (0.103)	eta 0:00:59	loss 0.7112 (0.6150)	lr 6.840623e-04
epoch [40/100][4/4]	time 0.145 (0.222)	data 0.000 (0.078)	eta 0:00:53	loss 0.6586 (0.6259)	lr 6.693690e-04
epoch [41/100][1/4]	time 0.506 (0.506)	data 0.360 (0.360)	eta 0:02:00	loss 0.4938 (0.4938)	lr 6.693690e-04
epoch [41/100][2/4]	time 0.145 (0.325)	data 0.001 (0.181)	eta 0:01:17	loss 0.5908 (0.5423)	lr 6.693690e-04
epoch [41/100][3/4]	time 0.144 (0.265)	data 0.000 (0.121)	eta 0:01:02	loss 0.5670 (0.5505)	lr 6.693690e-04
epoch [41/100][4/4]	time 0.145 (0.235)	data 0.000 (0.091)	eta 0:00:55	loss 0.5817 (0.5583)	lr 6.545085e-04
epoch [42/100][1/4]	time 0.431 (0.431)	data 0.284 (0.284)	eta 0:01:41	loss 0.7904 (0.7904)	lr 6.545085e-04
epoch [42/100][2/4]	time 0.147 (0.289)	data 0.003 (0.143)	eta 0:01:07	loss 0.5686 (0.6795)	lr 6.545085e-04
epoch [42/100][3/4]	time 0.145 (0.241)	data 0.000 (0.096)	eta 0:00:56	loss 0.6041 (0.6543)	lr 6.545085e-04
epoch [42/100][4/4]	time 0.146 (0.217)	data 0.002 (0.072)	eta 0:00:50	loss 0.4094 (0.5931)	lr 6.394956e-04
epoch [43/100][1/4]	time 0.457 (0.457)	data 0.312 (0.312)	eta 0:01:45	loss 0.6574 (0.6574)	lr 6.394956e-04
epoch [43/100][2/4]	time 0.144 (0.301)	data 0.000 (0.156)	eta 0:01:09	loss 0.5264 (0.5919)	lr 6.394956e-04
epoch [43/100][3/4]	time 0.146 (0.249)	data 0.002 (0.105)	eta 0:00:57	loss 0.6733 (0.6190)	lr 6.394956e-04
epoch [43/100][4/4]	time 0.145 (0.223)	data 0.000 (0.079)	eta 0:00:50	loss 0.6630 (0.6300)	lr 6.243449e-04
epoch [44/100][1/4]	time 0.523 (0.523)	data 0.379 (0.379)	eta 0:01:58	loss 0.5779 (0.5779)	lr 6.243449e-04
epoch [44/100][2/4]	time 0.146 (0.335)	data 0.002 (0.190)	eta 0:01:15	loss 0.6862 (0.6321)	lr 6.243449e-04
epoch [44/100][3/4]	time 0.145 (0.272)	data 0.002 (0.127)	eta 0:01:01	loss 0.6264 (0.6302)	lr 6.243449e-04
epoch [44/100][4/4]	time 0.145 (0.240)	data 0.000 (0.096)	eta 0:00:53	loss 0.5274 (0.6045)	lr 6.090716e-04
epoch [45/100][1/4]	time 0.445 (0.445)	data 0.300 (0.300)	eta 0:01:39	loss 0.6432 (0.6432)	lr 6.090716e-04
epoch [45/100][2/4]	time 0.144 (0.295)	data 0.000 (0.150)	eta 0:01:05	loss 0.4080 (0.5256)	lr 6.090716e-04
epoch [45/100][3/4]	time 0.146 (0.245)	data 0.002 (0.101)	eta 0:00:54	loss 0.6573 (0.5695)	lr 6.090716e-04
epoch [45/100][4/4]	time 0.145 (0.220)	data 0.000 (0.076)	eta 0:00:48	loss 0.8344 (0.6357)	lr 5.936907e-04
epoch [46/100][1/4]	time 0.447 (0.447)	data 0.302 (0.302)	eta 0:01:37	loss 0.6356 (0.6356)	lr 5.936907e-04
epoch [46/100][2/4]	time 0.144 (0.296)	data 0.000 (0.151)	eta 0:01:04	loss 0.6694 (0.6525)	lr 5.936907e-04
epoch [46/100][3/4]	time 0.145 (0.246)	data 0.000 (0.101)	eta 0:00:53	loss 0.6611 (0.6554)	lr 5.936907e-04
epoch [46/100][4/4]	time 0.145 (0.220)	data 0.000 (0.076)	eta 0:00:47	loss 0.6549 (0.6553)	lr 5.782172e-04
epoch [47/100][1/4]	time 0.552 (0.552)	data 0.406 (0.406)	eta 0:01:58	loss 0.5860 (0.5860)	lr 5.782172e-04
epoch [47/100][2/4]	time 0.149 (0.350)	data 0.005 (0.205)	eta 0:01:14	loss 0.6016 (0.5938)	lr 5.782172e-04
epoch [47/100][3/4]	time 0.146 (0.282)	data 0.002 (0.137)	eta 0:01:00	loss 0.4424 (0.5433)	lr 5.782172e-04
epoch [47/100][4/4]	time 0.145 (0.248)	data 0.000 (0.103)	eta 0:00:52	loss 0.7888 (0.6047)	lr 5.626666e-04
epoch [48/100][1/4]	time 0.532 (0.532)	data 0.386 (0.386)	eta 0:01:52	loss 0.5282 (0.5282)	lr 5.626666e-04
epoch [48/100][2/4]	time 0.144 (0.338)	data 0.000 (0.193)	eta 0:01:10	loss 0.6697 (0.5990)	lr 5.626666e-04
epoch [48/100][3/4]	time 0.146 (0.274)	data 0.002 (0.129)	eta 0:00:57	loss 0.7333 (0.6438)	lr 5.626666e-04
epoch [48/100][4/4]	time 0.145 (0.242)	data 0.000 (0.097)	eta 0:00:50	loss 0.5734 (0.6262)	lr 5.470542e-04
epoch [49/100][1/4]	time 0.453 (0.453)	data 0.308 (0.308)	eta 0:01:33	loss 0.6251 (0.6251)	lr 5.470542e-04
epoch [49/100][2/4]	time 0.145 (0.299)	data 0.000 (0.154)	eta 0:01:01	loss 0.6439 (0.6345)	lr 5.470542e-04
epoch [49/100][3/4]	time 0.147 (0.248)	data 0.002 (0.104)	eta 0:00:50	loss 0.6852 (0.6514)	lr 5.470542e-04
epoch [49/100][4/4]	time 0.145 (0.223)	data 0.000 (0.078)	eta 0:00:45	loss 0.5793 (0.6334)	lr 5.313953e-04
epoch [50/100][1/4]	time 0.473 (0.473)	data 0.327 (0.327)	eta 0:01:35	loss 0.6344 (0.6344)	lr 5.313953e-04
epoch [50/100][2/4]	time 0.145 (0.309)	data 0.000 (0.164)	eta 0:01:02	loss 0.7152 (0.6748)	lr 5.313953e-04
epoch [50/100][3/4]	time 0.145 (0.254)	data 0.000 (0.109)	eta 0:00:51	loss 0.4427 (0.5974)	lr 5.313953e-04
epoch [50/100][4/4]	time 0.145 (0.227)	data 0.000 (0.082)	eta 0:00:45	loss 0.5481 (0.5851)	lr 5.157054e-04
epoch [51/100][1/4]	time 0.552 (0.552)	data 0.371 (0.371)	eta 0:01:49	loss 0.5692 (0.5692)	lr 5.157054e-04
epoch [51/100][2/4]	time 0.198 (0.375)	data 0.002 (0.187)	eta 0:01:14	loss 0.6250 (0.5971)	lr 5.157054e-04
epoch [51/100][3/4]	time 0.145 (0.298)	data 0.000 (0.125)	eta 0:00:58	loss 0.6801 (0.6248)	lr 5.157054e-04
epoch [51/100][4/4]	time 0.145 (0.260)	data 0.002 (0.094)	eta 0:00:50	loss 0.4307 (0.5763)	lr 5.000000e-04
epoch [52/100][1/4]	time 0.468 (0.468)	data 0.321 (0.321)	eta 0:01:31	loss 0.5706 (0.5706)	lr 5.000000e-04
epoch [52/100][2/4]	time 0.146 (0.307)	data 0.002 (0.162)	eta 0:00:59	loss 0.6562 (0.6134)	lr 5.000000e-04
epoch [52/100][3/4]	time 0.145 (0.253)	data 0.000 (0.108)	eta 0:00:48	loss 0.5444 (0.5904)	lr 5.000000e-04
epoch [52/100][4/4]	time 0.145 (0.226)	data 0.000 (0.081)	eta 0:00:43	loss 0.5798 (0.5878)	lr 4.842946e-04
epoch [53/100][1/4]	time 0.457 (0.457)	data 0.312 (0.312)	eta 0:01:27	loss 0.5086 (0.5086)	lr 4.842946e-04
epoch [53/100][2/4]	time 0.145 (0.301)	data 0.000 (0.156)	eta 0:00:57	loss 0.5316 (0.5201)	lr 4.842946e-04
epoch [53/100][3/4]	time 0.145 (0.249)	data 0.000 (0.104)	eta 0:00:47	loss 0.7915 (0.6106)	lr 4.842946e-04
epoch [53/100][4/4]	time 0.146 (0.223)	data 0.002 (0.079)	eta 0:00:41	loss 0.6349 (0.6167)	lr 4.686047e-04
epoch [54/100][1/4]	time 0.558 (0.558)	data 0.340 (0.340)	eta 0:01:44	loss 0.5588 (0.5588)	lr 4.686047e-04
epoch [54/100][2/4]	time 0.156 (0.357)	data 0.002 (0.171)	eta 0:01:06	loss 0.5298 (0.5443)	lr 4.686047e-04
epoch [54/100][3/4]	time 0.145 (0.286)	data 0.000 (0.114)	eta 0:00:52	loss 0.5430 (0.5439)	lr 4.686047e-04
epoch [54/100][4/4]	time 0.145 (0.251)	data 0.000 (0.086)	eta 0:00:46	loss 0.7399 (0.5929)	lr 4.529458e-04
epoch [55/100][1/4]	time 0.438 (0.438)	data 0.293 (0.293)	eta 0:01:20	loss 0.5095 (0.5095)	lr 4.529458e-04
epoch [55/100][2/4]	time 0.144 (0.291)	data 0.000 (0.147)	eta 0:00:52	loss 0.5663 (0.5379)	lr 4.529458e-04
epoch [55/100][3/4]	time 0.147 (0.243)	data 0.002 (0.099)	eta 0:00:43	loss 0.6586 (0.5781)	lr 4.529458e-04
epoch [55/100][4/4]	time 0.145 (0.218)	data 0.000 (0.074)	eta 0:00:39	loss 0.8143 (0.6372)	lr 4.373334e-04
epoch [56/100][1/4]	time 0.453 (0.453)	data 0.308 (0.308)	eta 0:01:21	loss 0.7217 (0.7217)	lr 4.373334e-04
epoch [56/100][2/4]	time 0.146 (0.299)	data 0.002 (0.155)	eta 0:00:53	loss 0.4327 (0.5772)	lr 4.373334e-04
epoch [56/100][3/4]	time 0.145 (0.248)	data 0.001 (0.103)	eta 0:00:43	loss 0.7413 (0.6319)	lr 4.373334e-04
epoch [56/100][4/4]	time 0.146 (0.222)	data 0.002 (0.078)	eta 0:00:39	loss 0.7002 (0.6490)	lr 4.217828e-04
epoch [57/100][1/4]	time 0.451 (0.451)	data 0.305 (0.305)	eta 0:01:18	loss 0.5192 (0.5192)	lr 4.217828e-04
epoch [57/100][2/4]	time 0.145 (0.298)	data 0.000 (0.153)	eta 0:00:51	loss 0.5528 (0.5360)	lr 4.217828e-04
epoch [57/100][3/4]	time 0.146 (0.247)	data 0.000 (0.102)	eta 0:00:42	loss 0.7825 (0.6181)	lr 4.217828e-04
epoch [57/100][4/4]	time 0.146 (0.222)	data 0.002 (0.077)	eta 0:00:38	loss 0.6155 (0.6175)	lr 4.063093e-04
epoch [58/100][1/4]	time 0.529 (0.529)	data 0.314 (0.314)	eta 0:01:30	loss 0.7569 (0.7569)	lr 4.063093e-04
epoch [58/100][2/4]	time 0.154 (0.341)	data 0.002 (0.158)	eta 0:00:58	loss 0.6316 (0.6942)	lr 4.063093e-04
epoch [58/100][3/4]	time 0.145 (0.276)	data 0.002 (0.106)	eta 0:00:46	loss 0.4250 (0.6045)	lr 4.063093e-04
epoch [58/100][4/4]	time 0.145 (0.243)	data 0.000 (0.080)	eta 0:00:40	loss 0.4496 (0.5658)	lr 3.909284e-04
epoch [59/100][1/4]	time 0.443 (0.443)	data 0.297 (0.297)	eta 0:01:13	loss 0.4233 (0.4233)	lr 3.909284e-04
epoch [59/100][2/4]	time 0.145 (0.294)	data 0.000 (0.149)	eta 0:00:48	loss 0.6681 (0.5457)	lr 3.909284e-04
epoch [59/100][3/4]	time 0.147 (0.245)	data 0.003 (0.100)	eta 0:00:40	loss 0.7616 (0.6177)	lr 3.909284e-04
epoch [59/100][4/4]	time 0.146 (0.220)	data 0.000 (0.075)	eta 0:00:36	loss 0.6240 (0.6192)	lr 3.756551e-04
epoch [60/100][1/4]	time 0.490 (0.490)	data 0.345 (0.345)	eta 0:01:19	loss 0.6369 (0.6369)	lr 3.756551e-04
epoch [60/100][2/4]	time 0.145 (0.317)	data 0.000 (0.173)	eta 0:00:51	loss 0.5819 (0.6094)	lr 3.756551e-04
epoch [60/100][3/4]	time 0.145 (0.260)	data 0.000 (0.115)	eta 0:00:41	loss 0.7079 (0.6422)	lr 3.756551e-04
epoch [60/100][4/4]	time 0.145 (0.231)	data 0.000 (0.086)	eta 0:00:36	loss 0.4421 (0.5922)	lr 3.605044e-04
epoch [61/100][1/4]	time 0.457 (0.457)	data 0.312 (0.312)	eta 0:01:12	loss 0.5744 (0.5744)	lr 3.605044e-04
epoch [61/100][2/4]	time 0.146 (0.301)	data 0.002 (0.157)	eta 0:00:47	loss 0.6765 (0.6255)	lr 3.605044e-04
epoch [61/100][3/4]	time 0.146 (0.250)	data 0.002 (0.105)	eta 0:00:39	loss 0.5497 (0.6002)	lr 3.605044e-04
epoch [61/100][4/4]	time 0.145 (0.223)	data 0.000 (0.079)	eta 0:00:34	loss 0.5910 (0.5979)	lr 3.454915e-04
epoch [62/100][1/4]	time 0.517 (0.517)	data 0.371 (0.371)	eta 0:01:20	loss 0.5583 (0.5583)	lr 3.454915e-04
epoch [62/100][2/4]	time 0.147 (0.332)	data 0.003 (0.187)	eta 0:00:51	loss 0.5132 (0.5357)	lr 3.454915e-04
epoch [62/100][3/4]	time 0.145 (0.270)	data 0.000 (0.125)	eta 0:00:41	loss 0.3588 (0.4768)	lr 3.454915e-04
epoch [62/100][4/4]	time 0.145 (0.238)	data 0.000 (0.094)	eta 0:00:36	loss 0.7181 (0.5371)	lr 3.306310e-04
epoch [63/100][1/4]	time 0.485 (0.485)	data 0.340 (0.340)	eta 0:01:13	loss 0.5310 (0.5310)	lr 3.306310e-04
epoch [63/100][2/4]	time 0.148 (0.316)	data 0.003 (0.172)	eta 0:00:47	loss 0.6666 (0.5988)	lr 3.306310e-04
epoch [63/100][3/4]	time 0.146 (0.259)	data 0.001 (0.115)	eta 0:00:38	loss 0.6924 (0.6300)	lr 3.306310e-04
epoch [63/100][4/4]	time 0.145 (0.231)	data 0.000 (0.086)	eta 0:00:34	loss 0.6365 (0.6316)	lr 3.159377e-04
epoch [64/100][1/4]	time 0.446 (0.446)	data 0.301 (0.301)	eta 0:01:05	loss 0.4935 (0.4935)	lr 3.159377e-04
epoch [64/100][2/4]	time 0.145 (0.295)	data 0.001 (0.151)	eta 0:00:43	loss 0.5139 (0.5037)	lr 3.159377e-04
epoch [64/100][3/4]	time 0.146 (0.246)	data 0.002 (0.101)	eta 0:00:35	loss 0.8187 (0.6087)	lr 3.159377e-04
epoch [64/100][4/4]	time 0.146 (0.221)	data 0.002 (0.076)	eta 0:00:31	loss 0.7006 (0.6317)	lr 3.014261e-04
epoch [65/100][1/4]	time 0.485 (0.485)	data 0.340 (0.340)	eta 0:01:09	loss 0.6803 (0.6803)	lr 3.014261e-04
epoch [65/100][2/4]	time 0.145 (0.315)	data 0.000 (0.170)	eta 0:00:44	loss 0.6490 (0.6646)	lr 3.014261e-04
epoch [65/100][3/4]	time 0.145 (0.258)	data 0.000 (0.114)	eta 0:00:36	loss 0.5461 (0.6251)	lr 3.014261e-04
epoch [65/100][4/4]	time 0.145 (0.230)	data 0.000 (0.085)	eta 0:00:32	loss 0.5114 (0.5967)	lr 2.871104e-04
epoch [66/100][1/4]	time 0.469 (0.469)	data 0.324 (0.324)	eta 0:01:05	loss 0.5042 (0.5042)	lr 2.871104e-04
epoch [66/100][2/4]	time 0.145 (0.307)	data 0.000 (0.162)	eta 0:00:42	loss 0.7723 (0.6382)	lr 2.871104e-04
epoch [66/100][3/4]	time 0.146 (0.253)	data 0.000 (0.108)	eta 0:00:34	loss 0.5484 (0.6083)	lr 2.871104e-04
epoch [66/100][4/4]	time 0.145 (0.226)	data 0.000 (0.081)	eta 0:00:30	loss 0.4823 (0.5768)	lr 2.730048e-04
epoch [67/100][1/4]	time 0.474 (0.474)	data 0.328 (0.328)	eta 0:01:04	loss 0.6262 (0.6262)	lr 2.730048e-04
epoch [67/100][2/4]	time 0.145 (0.310)	data 0.000 (0.164)	eta 0:00:41	loss 0.5615 (0.5938)	lr 2.730048e-04
epoch [67/100][3/4]	time 0.146 (0.255)	data 0.002 (0.110)	eta 0:00:33	loss 0.6937 (0.6271)	lr 2.730048e-04
epoch [67/100][4/4]	time 0.145 (0.227)	data 0.000 (0.083)	eta 0:00:30	loss 0.6681 (0.6374)	lr 2.591232e-04
epoch [68/100][1/4]	time 0.521 (0.521)	data 0.374 (0.374)	eta 0:01:08	loss 0.5805 (0.5805)	lr 2.591232e-04
epoch [68/100][2/4]	time 0.145 (0.333)	data 0.001 (0.187)	eta 0:00:43	loss 0.5017 (0.5411)	lr 2.591232e-04
epoch [68/100][3/4]	time 0.145 (0.270)	data 0.000 (0.125)	eta 0:00:34	loss 0.5257 (0.5359)	lr 2.591232e-04
epoch [68/100][4/4]	time 0.145 (0.239)	data 0.000 (0.094)	eta 0:00:30	loss 0.6979 (0.5764)	lr 2.454793e-04
epoch [69/100][1/4]	time 0.420 (0.420)	data 0.275 (0.275)	eta 0:00:53	loss 0.6084 (0.6084)	lr 2.454793e-04
epoch [69/100][2/4]	time 0.145 (0.283)	data 0.000 (0.138)	eta 0:00:35	loss 0.6951 (0.6517)	lr 2.454793e-04
epoch [69/100][3/4]	time 0.146 (0.237)	data 0.000 (0.092)	eta 0:00:29	loss 0.4737 (0.5924)	lr 2.454793e-04
epoch [69/100][4/4]	time 0.145 (0.214)	data 0.000 (0.069)	eta 0:00:26	loss 0.6931 (0.6176)	lr 2.320866e-04
epoch [70/100][1/4]	time 0.473 (0.473)	data 0.328 (0.328)	eta 0:00:58	loss 0.4226 (0.4226)	lr 2.320866e-04
epoch [70/100][2/4]	time 0.147 (0.310)	data 0.001 (0.165)	eta 0:00:37	loss 0.5474 (0.4850)	lr 2.320866e-04
epoch [70/100][3/4]	time 0.147 (0.255)	data 0.002 (0.110)	eta 0:00:30	loss 0.5874 (0.5191)	lr 2.320866e-04
epoch [70/100][4/4]	time 0.145 (0.228)	data 0.000 (0.083)	eta 0:00:27	loss 0.6886 (0.5615)	lr 2.189583e-04
epoch [71/100][1/4]	time 0.444 (0.444)	data 0.298 (0.298)	eta 0:00:52	loss 0.8449 (0.8449)	lr 2.189583e-04
epoch [71/100][2/4]	time 0.146 (0.295)	data 0.001 (0.149)	eta 0:00:34	loss 0.8255 (0.8352)	lr 2.189583e-04
epoch [71/100][3/4]	time 0.147 (0.246)	data 0.002 (0.100)	eta 0:00:28	loss 0.5260 (0.7321)	lr 2.189583e-04
epoch [71/100][4/4]	time 0.145 (0.220)	data 0.000 (0.075)	eta 0:00:25	loss 0.3934 (0.6474)	lr 2.061074e-04
epoch [72/100][1/4]	time 0.478 (0.478)	data 0.329 (0.329)	eta 0:00:54	loss 0.6530 (0.6530)	lr 2.061074e-04
epoch [72/100][2/4]	time 0.146 (0.312)	data 0.001 (0.165)	eta 0:00:35	loss 0.5439 (0.5984)	lr 2.061074e-04
epoch [72/100][3/4]	time 0.146 (0.257)	data 0.000 (0.110)	eta 0:00:28	loss 0.5514 (0.5828)	lr 2.061074e-04
epoch [72/100][4/4]	time 0.148 (0.230)	data 0.003 (0.084)	eta 0:00:25	loss 0.6459 (0.5986)	lr 1.935465e-04
epoch [73/100][1/4]	time 0.616 (0.616)	data 0.471 (0.471)	eta 0:01:08	loss 0.6108 (0.6108)	lr 1.935465e-04
epoch [73/100][2/4]	time 0.148 (0.382)	data 0.002 (0.237)	eta 0:00:42	loss 0.6696 (0.6402)	lr 1.935465e-04
epoch [73/100][3/4]	time 0.145 (0.303)	data 0.000 (0.158)	eta 0:00:33	loss 0.5036 (0.5947)	lr 1.935465e-04
epoch [73/100][4/4]	time 0.145 (0.263)	data 0.000 (0.119)	eta 0:00:28	loss 0.6441 (0.6070)	lr 1.812880e-04
epoch [74/100][1/4]	time 0.507 (0.507)	data 0.361 (0.361)	eta 0:00:54	loss 0.6007 (0.6007)	lr 1.812880e-04
epoch [74/100][2/4]	time 0.146 (0.326)	data 0.000 (0.181)	eta 0:00:34	loss 0.5574 (0.5791)	lr 1.812880e-04
epoch [74/100][3/4]	time 0.146 (0.266)	data 0.002 (0.121)	eta 0:00:27	loss 0.4856 (0.5479)	lr 1.812880e-04
epoch [74/100][4/4]	time 0.147 (0.236)	data 0.001 (0.091)	eta 0:00:24	loss 0.6262 (0.5675)	lr 1.693441e-04
epoch [75/100][1/4]	time 0.535 (0.535)	data 0.390 (0.390)	eta 0:00:55	loss 0.4906 (0.4906)	lr 1.693441e-04
epoch [75/100][2/4]	time 0.160 (0.347)	data 0.010 (0.200)	eta 0:00:35	loss 0.7208 (0.6057)	lr 1.693441e-04
epoch [75/100][3/4]	time 0.146 (0.280)	data 0.000 (0.133)	eta 0:00:28	loss 0.6350 (0.6155)	lr 1.693441e-04
epoch [75/100][4/4]	time 0.146 (0.247)	data 0.001 (0.100)	eta 0:00:24	loss 0.5519 (0.5996)	lr 1.577264e-04
epoch [76/100][1/4]	time 0.448 (0.448)	data 0.302 (0.302)	eta 0:00:44	loss 0.7406 (0.7406)	lr 1.577264e-04
epoch [76/100][2/4]	time 0.146 (0.297)	data 0.002 (0.152)	eta 0:00:29	loss 0.6628 (0.7017)	lr 1.577264e-04
epoch [76/100][3/4]	time 0.147 (0.247)	data 0.002 (0.102)	eta 0:00:23	loss 0.6736 (0.6923)	lr 1.577264e-04
epoch [76/100][4/4]	time 0.148 (0.222)	data 0.002 (0.077)	eta 0:00:21	loss 0.6254 (0.6756)	lr 1.464466e-04
epoch [77/100][1/4]	time 0.449 (0.449)	data 0.299 (0.299)	eta 0:00:42	loss 0.4908 (0.4908)	lr 1.464466e-04
epoch [77/100][2/4]	time 0.146 (0.298)	data 0.001 (0.150)	eta 0:00:27	loss 0.4485 (0.4697)	lr 1.464466e-04
epoch [77/100][3/4]	time 0.147 (0.247)	data 0.002 (0.100)	eta 0:00:22	loss 0.6208 (0.5200)	lr 1.464466e-04
epoch [77/100][4/4]	time 0.146 (0.222)	data 0.000 (0.075)	eta 0:00:20	loss 0.5283 (0.5221)	lr 1.355157e-04
epoch [78/100][1/4]	time 0.473 (0.473)	data 0.328 (0.328)	eta 0:00:43	loss 0.5423 (0.5423)	lr 1.355157e-04
epoch [78/100][2/4]	time 0.146 (0.309)	data 0.001 (0.164)	eta 0:00:27	loss 0.4484 (0.4954)	lr 1.355157e-04
epoch [78/100][3/4]	time 0.145 (0.255)	data 0.000 (0.110)	eta 0:00:22	loss 0.6750 (0.5552)	lr 1.355157e-04
epoch [78/100][4/4]	time 0.145 (0.227)	data 0.000 (0.082)	eta 0:00:19	loss 0.7266 (0.5981)	lr 1.249445e-04
epoch [79/100][1/4]	time 0.534 (0.534)	data 0.388 (0.388)	eta 0:00:46	loss 0.4926 (0.4926)	lr 1.249445e-04
epoch [79/100][2/4]	time 0.212 (0.373)	data 0.000 (0.194)	eta 0:00:32	loss 0.6600 (0.5763)	lr 1.249445e-04
epoch [79/100][3/4]	time 0.169 (0.305)	data 0.000 (0.130)	eta 0:00:25	loss 0.7146 (0.6224)	lr 1.249445e-04
epoch [79/100][4/4]	time 0.146 (0.265)	data 0.001 (0.097)	eta 0:00:22	loss 0.5699 (0.6093)	lr 1.147434e-04
epoch [80/100][1/4]	time 0.416 (0.416)	data 0.270 (0.270)	eta 0:00:34	loss 0.3596 (0.3596)	lr 1.147434e-04
epoch [80/100][2/4]	time 0.148 (0.282)	data 0.003 (0.136)	eta 0:00:23	loss 0.5734 (0.4665)	lr 1.147434e-04
epoch [80/100][3/4]	time 0.173 (0.245)	data 0.000 (0.091)	eta 0:00:19	loss 0.6540 (0.5290)	lr 1.147434e-04
epoch [80/100][4/4]	time 0.208 (0.236)	data 0.000 (0.068)	eta 0:00:18	loss 0.6336 (0.5552)	lr 1.049225e-04
epoch [81/100][1/4]	time 0.477 (0.477)	data 0.331 (0.331)	eta 0:00:37	loss 0.5667 (0.5667)	lr 1.049225e-04
epoch [81/100][2/4]	time 0.144 (0.311)	data 0.000 (0.166)	eta 0:00:24	loss 0.5524 (0.5596)	lr 1.049225e-04
epoch [81/100][3/4]	time 0.147 (0.256)	data 0.002 (0.111)	eta 0:00:19	loss 0.8539 (0.6577)	lr 1.049225e-04
epoch [81/100][4/4]	time 0.145 (0.229)	data 0.001 (0.083)	eta 0:00:17	loss 0.5425 (0.6289)	lr 9.549150e-05
epoch [82/100][1/4]	time 0.462 (0.462)	data 0.290 (0.290)	eta 0:00:34	loss 0.6169 (0.6169)	lr 9.549150e-05
epoch [82/100][2/4]	time 0.209 (0.336)	data 0.002 (0.146)	eta 0:00:24	loss 0.4616 (0.5393)	lr 9.549150e-05
epoch [82/100][3/4]	time 0.145 (0.272)	data 0.000 (0.097)	eta 0:00:19	loss 0.4325 (0.5037)	lr 9.549150e-05
epoch [82/100][4/4]	time 0.146 (0.240)	data 0.000 (0.073)	eta 0:00:17	loss 0.7681 (0.5698)	lr 8.645971e-05
epoch [83/100][1/4]	time 0.434 (0.434)	data 0.289 (0.289)	eta 0:00:30	loss 0.4994 (0.4994)	lr 8.645971e-05
epoch [83/100][2/4]	time 0.144 (0.289)	data 0.001 (0.145)	eta 0:00:20	loss 0.6565 (0.5779)	lr 8.645971e-05
epoch [83/100][3/4]	time 0.145 (0.241)	data 0.000 (0.097)	eta 0:00:16	loss 0.8690 (0.6750)	lr 8.645971e-05
epoch [83/100][4/4]	time 0.145 (0.217)	data 0.000 (0.073)	eta 0:00:14	loss 0.5972 (0.6555)	lr 7.783604e-05
epoch [84/100][1/4]	time 0.397 (0.397)	data 0.252 (0.252)	eta 0:00:26	loss 0.5882 (0.5882)	lr 7.783604e-05
epoch [84/100][2/4]	time 0.144 (0.270)	data 0.000 (0.126)	eta 0:00:17	loss 0.4255 (0.5068)	lr 7.783604e-05
epoch [84/100][3/4]	time 0.144 (0.228)	data 0.000 (0.084)	eta 0:00:14	loss 0.4510 (0.4882)	lr 7.783604e-05
epoch [84/100][4/4]	time 0.145 (0.207)	data 0.000 (0.063)	eta 0:00:13	loss 0.6701 (0.5337)	lr 6.962899e-05
epoch [85/100][1/4]	time 0.394 (0.394)	data 0.248 (0.248)	eta 0:00:24	loss 0.6497 (0.6497)	lr 6.962899e-05
epoch [85/100][2/4]	time 0.145 (0.269)	data 0.000 (0.124)	eta 0:00:16	loss 0.6085 (0.6291)	lr 6.962899e-05
epoch [85/100][3/4]	time 0.145 (0.228)	data 0.000 (0.083)	eta 0:00:13	loss 0.5144 (0.5909)	lr 6.962899e-05
epoch [85/100][4/4]	time 0.145 (0.207)	data 0.000 (0.062)	eta 0:00:12	loss 0.3932 (0.5415)	lr 6.184666e-05
epoch [86/100][1/4]	time 0.405 (0.405)	data 0.259 (0.259)	eta 0:00:23	loss 0.7084 (0.7084)	lr 6.184666e-05
epoch [86/100][2/4]	time 0.146 (0.276)	data 0.002 (0.131)	eta 0:00:15	loss 0.5895 (0.6490)	lr 6.184666e-05
epoch [86/100][3/4]	time 0.145 (0.232)	data 0.000 (0.087)	eta 0:00:13	loss 0.6118 (0.6366)	lr 6.184666e-05
epoch [86/100][4/4]	time 0.145 (0.210)	data 0.000 (0.065)	eta 0:00:11	loss 0.6753 (0.6463)	lr 5.449674e-05
epoch [87/100][1/4]	time 0.397 (0.397)	data 0.252 (0.252)	eta 0:00:21	loss 0.5213 (0.5213)	lr 5.449674e-05
epoch [87/100][2/4]	time 0.145 (0.271)	data 0.000 (0.126)	eta 0:00:14	loss 0.6931 (0.6072)	lr 5.449674e-05
epoch [87/100][3/4]	time 0.145 (0.229)	data 0.000 (0.084)	eta 0:00:12	loss 0.6144 (0.6096)	lr 5.449674e-05
epoch [87/100][4/4]	time 0.145 (0.208)	data 0.000 (0.063)	eta 0:00:10	loss 0.6155 (0.6111)	lr 4.758647e-05
epoch [88/100][1/4]	time 0.437 (0.437)	data 0.253 (0.253)	eta 0:00:22	loss 0.4605 (0.4605)	lr 4.758647e-05
epoch [88/100][2/4]	time 0.145 (0.291)	data 0.000 (0.127)	eta 0:00:14	loss 0.5192 (0.4898)	lr 4.758647e-05
epoch [88/100][3/4]	time 0.148 (0.243)	data 0.003 (0.085)	eta 0:00:11	loss 0.7053 (0.5617)	lr 4.758647e-05
epoch [88/100][4/4]	time 0.145 (0.218)	data 0.000 (0.064)	eta 0:00:10	loss 0.7192 (0.6011)	lr 4.112269e-05
epoch [89/100][1/4]	time 0.396 (0.396)	data 0.250 (0.250)	eta 0:00:18	loss 0.6516 (0.6516)	lr 4.112269e-05
epoch [89/100][2/4]	time 0.145 (0.270)	data 0.000 (0.125)	eta 0:00:12	loss 0.6068 (0.6292)	lr 4.112269e-05
epoch [89/100][3/4]	time 0.145 (0.229)	data 0.000 (0.084)	eta 0:00:10	loss 0.6510 (0.6364)	lr 4.112269e-05
epoch [89/100][4/4]	time 0.145 (0.208)	data 0.000 (0.063)	eta 0:00:09	loss 0.8248 (0.6835)	lr 3.511176e-05
epoch [90/100][1/4]	time 0.396 (0.396)	data 0.250 (0.250)	eta 0:00:17	loss 0.5755 (0.5755)	lr 3.511176e-05
epoch [90/100][2/4]	time 0.146 (0.271)	data 0.002 (0.126)	eta 0:00:11	loss 0.7409 (0.6582)	lr 3.511176e-05
epoch [90/100][3/4]	time 0.145 (0.229)	data 0.000 (0.084)	eta 0:00:09	loss 0.5794 (0.6319)	lr 3.511176e-05
epoch [90/100][4/4]	time 0.145 (0.208)	data 0.000 (0.063)	eta 0:00:08	loss 0.6590 (0.6387)	lr 2.955962e-05
epoch [91/100][1/4]	time 0.388 (0.388)	data 0.244 (0.244)	eta 0:00:15	loss 0.4660 (0.4660)	lr 2.955962e-05
epoch [91/100][2/4]	time 0.209 (0.299)	data 0.002 (0.123)	eta 0:00:11	loss 0.6901 (0.5780)	lr 2.955962e-05
epoch [91/100][3/4]	time 0.173 (0.257)	data 0.000 (0.082)	eta 0:00:09	loss 0.7011 (0.6191)	lr 2.955962e-05
epoch [91/100][4/4]	time 0.145 (0.229)	data 0.000 (0.062)	eta 0:00:08	loss 0.6601 (0.6293)	lr 2.447174e-05
epoch [92/100][1/4]	time 0.407 (0.407)	data 0.262 (0.262)	eta 0:00:14	loss 0.5177 (0.5177)	lr 2.447174e-05
epoch [92/100][2/4]	time 0.146 (0.277)	data 0.002 (0.132)	eta 0:00:09	loss 0.6207 (0.5692)	lr 2.447174e-05
epoch [92/100][3/4]	time 0.145 (0.233)	data 0.000 (0.088)	eta 0:00:07	loss 0.6283 (0.5889)	lr 2.447174e-05
epoch [92/100][4/4]	time 0.145 (0.211)	data 0.000 (0.066)	eta 0:00:06	loss 0.5136 (0.5701)	lr 1.985316e-05
epoch [93/100][1/4]	time 0.408 (0.408)	data 0.263 (0.263)	eta 0:00:12	loss 0.6682 (0.6682)	lr 1.985316e-05
epoch [93/100][2/4]	time 0.145 (0.276)	data 0.000 (0.132)	eta 0:00:08	loss 0.7382 (0.7032)	lr 1.985316e-05
epoch [93/100][3/4]	time 0.145 (0.233)	data 0.000 (0.088)	eta 0:00:06	loss 0.4987 (0.6351)	lr 1.985316e-05
epoch [93/100][4/4]	time 0.145 (0.211)	data 0.000 (0.066)	eta 0:00:05	loss 0.5245 (0.6074)	lr 1.570842e-05
epoch [94/100][1/4]	time 0.415 (0.415)	data 0.270 (0.270)	eta 0:00:11	loss 0.9736 (0.9736)	lr 1.570842e-05
epoch [94/100][2/4]	time 0.145 (0.280)	data 0.000 (0.135)	eta 0:00:07	loss 0.4451 (0.7094)	lr 1.570842e-05
epoch [94/100][3/4]	time 0.146 (0.235)	data 0.002 (0.091)	eta 0:00:05	loss 0.5521 (0.6570)	lr 1.570842e-05
epoch [94/100][4/4]	time 0.145 (0.213)	data 0.000 (0.068)	eta 0:00:05	loss 0.5594 (0.6326)	lr 1.204162e-05
epoch [95/100][1/4]	time 0.406 (0.406)	data 0.260 (0.260)	eta 0:00:09	loss 0.5410 (0.5410)	lr 1.204162e-05
epoch [95/100][2/4]	time 0.145 (0.276)	data 0.000 (0.130)	eta 0:00:06	loss 0.4904 (0.5157)	lr 1.204162e-05
epoch [95/100][3/4]	time 0.146 (0.232)	data 0.001 (0.087)	eta 0:00:04	loss 0.7137 (0.5817)	lr 1.204162e-05
epoch [95/100][4/4]	time 0.145 (0.211)	data 0.001 (0.066)	eta 0:00:04	loss 0.4173 (0.5406)	lr 8.856375e-06
epoch [96/100][1/4]	time 0.391 (0.391)	data 0.246 (0.246)	eta 0:00:07	loss 0.5451 (0.5451)	lr 8.856375e-06
epoch [96/100][2/4]	time 0.147 (0.269)	data 0.002 (0.124)	eta 0:00:04	loss 0.6660 (0.6055)	lr 8.856375e-06
epoch [96/100][3/4]	time 0.145 (0.228)	data 0.001 (0.083)	eta 0:00:03	loss 0.4276 (0.5462)	lr 8.856375e-06
epoch [96/100][4/4]	time 0.145 (0.207)	data 0.000 (0.063)	eta 0:00:03	loss 0.5719 (0.5526)	lr 6.155830e-06
epoch [97/100][1/4]	time 0.407 (0.407)	data 0.262 (0.262)	eta 0:00:06	loss 0.5127 (0.5127)	lr 6.155830e-06
epoch [97/100][2/4]	time 0.145 (0.276)	data 0.000 (0.131)	eta 0:00:03	loss 0.6401 (0.5764)	lr 6.155830e-06
epoch [97/100][3/4]	time 0.145 (0.232)	data 0.000 (0.088)	eta 0:00:03	loss 0.6464 (0.5997)	lr 6.155830e-06
epoch [97/100][4/4]	time 0.145 (0.211)	data 0.000 (0.066)	eta 0:00:02	loss 0.5291 (0.5821)	lr 3.942649e-06
epoch [98/100][1/4]	time 0.394 (0.394)	data 0.248 (0.248)	eta 0:00:04	loss 0.4133 (0.4133)	lr 3.942649e-06
epoch [98/100][2/4]	time 0.146 (0.270)	data 0.001 (0.125)	eta 0:00:02	loss 0.5537 (0.4835)	lr 3.942649e-06
epoch [98/100][3/4]	time 0.146 (0.228)	data 0.002 (0.084)	eta 0:00:02	loss 0.5796 (0.5155)	lr 3.942649e-06
epoch [98/100][4/4]	time 0.146 (0.208)	data 0.002 (0.063)	eta 0:00:01	loss 0.7477 (0.5736)	lr 2.219018e-06
epoch [99/100][1/4]	time 0.390 (0.390)	data 0.245 (0.245)	eta 0:00:02	loss 0.6732 (0.6732)	lr 2.219018e-06
epoch [99/100][2/4]	time 0.145 (0.268)	data 0.001 (0.123)	eta 0:00:01	loss 0.5617 (0.6174)	lr 2.219018e-06
epoch [99/100][3/4]	time 0.146 (0.227)	data 0.002 (0.083)	eta 0:00:01	loss 0.7887 (0.6745)	lr 2.219018e-06
epoch [99/100][4/4]	time 0.145 (0.207)	data 0.000 (0.062)	eta 0:00:00	loss 0.4849 (0.6271)	lr 9.866358e-07
epoch [100/100][1/4]	time 0.452 (0.452)	data 0.262 (0.262)	eta 0:00:01	loss 0.4884 (0.4884)	lr 9.866358e-07
epoch [100/100][2/4]	time 0.192 (0.322)	data 0.002 (0.132)	eta 0:00:00	loss 0.5119 (0.5001)	lr 9.866358e-07
epoch [100/100][3/4]	time 0.145 (0.263)	data 0.000 (0.088)	eta 0:00:00	loss 0.4020 (0.4674)	lr 9.866358e-07
epoch [100/100][4/4]	time 0.145 (0.234)	data 0.000 (0.066)	eta 0:00:00	loss 0.8219 (0.5560)	lr 2.467198e-07
Checkpoint saved to "output/nihchest/shots_16/CoCoOp_BiomedCLIP/nctx4_cscFalse_ctpend/seed1/prompt_learner/model.pth.tar-100"
Finished training
Do evaluation on test set
  0%|          | 0/256 [00:00<?, ?it/s]  0%|          | 1/256 [00:02<10:22,  2.44s/it]  1%|          | 2/256 [00:03<06:53,  1.63s/it]  1%|          | 3/256 [00:04<05:34,  1.32s/it]  2%|         | 4/256 [00:05<05:05,  1.21s/it]  2%|         | 5/256 [00:06<04:40,  1.12s/it]  2%|         | 6/256 [00:07<04:25,  1.06s/it]  3%|         | 7/256 [00:08<04:15,  1.03s/it]  3%|         | 8/256 [00:09<04:08,  1.00s/it]  4%|         | 9/256 [00:10<04:03,  1.01it/s]  4%|         | 10/256 [00:11<04:07,  1.00s/it]  4%|         | 11/256 [00:12<04:09,  1.02s/it]  5%|         | 12/256 [00:13<04:06,  1.01s/it]  5%|         | 13/256 [00:14<04:04,  1.01s/it]  5%|         | 14/256 [00:15<03:59,  1.01it/s]  6%|         | 15/256 [00:16<03:55,  1.02it/s]  6%|         | 16/256 [00:17<03:52,  1.03it/s]  7%|         | 17/256 [00:18<03:50,  1.04it/s]  7%|         | 18/256 [00:19<03:48,  1.04it/s]  7%|         | 19/256 [00:20<03:47,  1.04it/s]  8%|         | 20/256 [00:21<03:46,  1.04it/s]  8%|         | 21/256 [00:21<03:45,  1.04it/s]  9%|         | 22/256 [00:23<03:50,  1.02it/s]  9%|         | 23/256 [00:23<03:47,  1.03it/s]  9%|         | 24/256 [00:24<03:44,  1.03it/s] 10%|         | 25/256 [00:26<03:54,  1.02s/it] 10%|         | 26/256 [00:27<03:49,  1.00it/s] 11%|         | 27/256 [00:27<03:45,  1.02it/s] 11%|         | 28/256 [00:28<03:42,  1.02it/s] 11%|        | 29/256 [00:29<03:40,  1.03it/s] 12%|        | 30/256 [00:30<03:37,  1.04it/s] 12%|        | 31/256 [00:31<03:36,  1.04it/s] 12%|        | 32/256 [00:32<03:34,  1.04it/s] 13%|        | 33/256 [00:33<03:39,  1.02it/s] 13%|        | 34/256 [00:34<03:36,  1.02it/s] 14%|        | 35/256 [00:35<03:34,  1.03it/s] 14%|        | 36/256 [00:36<03:44,  1.02s/it] 14%|        | 37/256 [00:37<03:38,  1.00it/s] 15%|        | 38/256 [00:38<03:35,  1.01it/s] 15%|        | 39/256 [00:39<03:31,  1.02it/s] 16%|        | 40/256 [00:40<03:31,  1.02it/s] 16%|        | 41/256 [00:41<03:28,  1.03it/s] 16%|        | 42/256 [00:42<03:27,  1.03it/s] 17%|        | 43/256 [00:43<03:25,  1.04it/s] 17%|        | 44/256 [00:44<03:29,  1.01it/s] 18%|        | 45/256 [00:46<04:00,  1.14s/it] 18%|        | 46/256 [00:47<03:56,  1.13s/it] 18%|        | 47/256 [00:48<03:50,  1.10s/it] 19%|        | 48/256 [00:49<03:40,  1.06s/it] 19%|        | 49/256 [00:50<03:32,  1.03s/it] 20%|        | 50/256 [00:51<03:27,  1.01s/it] 20%|        | 51/256 [00:52<03:22,  1.01it/s] 20%|        | 52/256 [00:52<03:19,  1.02it/s] 21%|        | 53/256 [00:54<03:22,  1.00it/s] 21%|        | 54/256 [00:54<03:19,  1.01it/s] 21%|       | 55/256 [00:56<03:21,  1.00s/it] 22%|       | 56/256 [00:56<03:17,  1.01it/s] 22%|       | 57/256 [00:57<03:14,  1.02it/s] 23%|       | 58/256 [00:58<03:12,  1.03it/s] 23%|       | 59/256 [00:59<03:10,  1.03it/s] 23%|       | 60/256 [01:00<03:13,  1.01it/s] 24%|       | 61/256 [01:01<03:10,  1.02it/s] 24%|       | 62/256 [01:02<03:08,  1.03it/s] 25%|       | 63/256 [01:03<03:06,  1.03it/s] 25%|       | 64/256 [01:04<03:07,  1.02it/s] 25%|       | 65/256 [01:05<03:07,  1.02it/s] 26%|       | 66/256 [01:06<03:05,  1.03it/s] 26%|       | 67/256 [01:07<03:08,  1.00it/s] 27%|       | 68/256 [01:08<03:05,  1.02it/s] 27%|       | 69/256 [01:09<03:02,  1.02it/s] 27%|       | 70/256 [01:10<03:00,  1.03it/s] 28%|       | 71/256 [01:11<02:58,  1.04it/s] 28%|       | 72/256 [01:12<03:02,  1.01it/s] 29%|       | 73/256 [01:13<02:59,  1.02it/s] 29%|       | 74/256 [01:14<02:56,  1.03it/s] 29%|       | 75/256 [01:15<03:00,  1.01it/s]./scripts/cocoop/few_shot_nih_chest.sh: line 16: 98717 Illegal instruction     (core dumped) python train.py --root ${DATA} --seed ${SEED} --trainer ${TRAINER} --dataset-config-file configs/datasets/${DATASET}.yaml --config-file configs/trainers/${METHOD}/${CFG}.yaml --output-dir ${DIR} TRAINER.COCOOP.N_CTX ${NCTX} TRAINER.COCOOP.CSC ${CSC} TRAINER.COCOOP.CLASS_TOKEN_POSITION ${CTP} DATASET.NUM_SHOTS ${SHOTS}
